<?xml version="1.0" encoding="UTF-8"?>
<!-- Generated by org.testng.reporters.JUnitXMLReporter -->
<testsuite hostname="DESKTOP-PPUIDRV" ignored="1" name="Chrome Test" tests="2" failures="0" timestamp="25 июн 2020 09:14:27 GMT" time="76.037" errors="0">
  <testcase name="searchFlightsWithMultiData" time="33.263" classname="Travel.Booking.TestNGParameters"/>
  <testcase name="searchFlightsWithMultiData" time="16.718" classname="Travel.Booking.TestNGParameters"/>
  <testcase name="searchFlights" time="0.0" classname="Travel.Booking.TestNGParameters">
    <ignored/>
  </testcase> <!-- searchFlights -->
</testsuite> <!-- Chrome Test -->
